2025-02-19 08:26:52 [main] INFO  fiap.tds.Main - Sistema Iniciando... 
2025-02-19 08:27:25 [main] INFO  fiap.tds.Main - Sistema finalizando... 
2025-02-19 08:27:48 [main] INFO  fiap.tds.Main - Sistema Iniciando... 
2025-02-19 08:27:52 [main] INFO  fiap.tds.Main - Sistema finalizando... 
2025-02-19 08:35:15 [main] INFO  fiap.tds.Main - Sistema Iniciando... 
2025-02-19 08:38:32 [main] INFO  fiap.tds.Main - Sistema Iniciando... 
2025-02-19 08:38:48 [main] ERROR fiap.tds.Main - Erro ao cadastrar coleção 
java.util.InputMismatchException: null
	at java.util.Scanner.throwFor(Scanner.java:964) ~[?:?]
	at java.util.Scanner.next(Scanner.java:1619) ~[?:?]
	at java.util.Scanner.nextInt(Scanner.java:2284) ~[?:?]
	at java.util.Scanner.nextInt(Scanner.java:2238) ~[?:?]
	at fiap.tds.Main.CadastrarColecao(Main.java:57) [classes/:?]
	at fiap.tds.Main.main(Main.java:32) [classes/:?]
2025-02-19 08:53:17 [main] INFO  fiap.tds.Main - Sistema Iniciando... 
2025-02-19 08:54:07 [main] INFO  fiap.tds.Main - Colecão registrada com sucesso Colecao(nome=Aetherdrift, codigo=ATD, dataLancamento=2025-02-19) 
2025-02-19 08:57:58 [main] INFO  fiap.tds.Main - Sistema Iniciando... 
2025-02-19 08:58:37 [main] INFO  fiap.tds.Main - Sistema Iniciando... 
2025-02-19 08:58:44 [main] ERROR fiap.tds.Main - Erro ao cadastrar coleção 
java.util.InputMismatchException: null
	at java.util.Scanner.throwFor(Scanner.java:964) ~[?:?]
	at java.util.Scanner.next(Scanner.java:1619) ~[?:?]
	at java.util.Scanner.nextInt(Scanner.java:2284) ~[?:?]
	at java.util.Scanner.nextInt(Scanner.java:2238) ~[?:?]
	at fiap.tds.Main.CadastrarColecao(Main.java:57) [classes/:?]
	at fiap.tds.Main.main(Main.java:32) [classes/:?]
2025-02-19 09:18:46 [main] INFO  fiap.tds.Main - Sistema Iniciando... 
2025-02-19 09:25:11 [main] INFO  fiap.tds.Main - Sistema Iniciando... 
2025-02-19 09:28:38 [main] INFO  fiap.tds.Main - Sistema Iniciando... 
2025-02-19 09:29:36 [main] INFO  fiap.tds.Main - Sistema Iniciando... 
2025-02-19 09:31:09 [main] INFO  fiap.tds.Main - Sistema Iniciando... 
2025-02-19 09:32:27 [main] INFO  fiap.tds.Main - Sistema Iniciando... 
2025-02-19 09:33:26 [main] INFO  fiap.tds.Main - Sistema Iniciando... 
2025-02-19 09:37:56 [main] INFO  fiap.tds.Main - Sistema Iniciando... 
2025-02-25 11:07:34 [main] INFO  fiap.tds.Main - Sistema Iniciando... 
2025-02-25 11:08:21 [main] INFO  fiap.tds.Main - Sistema Iniciando... 
2025-02-25 11:09:35 [main] INFO  fiap.tds.Main - Sistema Iniciando... 
2025-02-25 11:11:17 [main] INFO  fiap.tds.Main - Sistema Iniciando... 
2025-02-25 11:12:51 [main] INFO  fiap.tds.Main - Sistema Iniciando... 
2025-02-25 11:24:23 [main] INFO  fiap.tds.Main - Sistema Iniciando... 
2025-02-25 11:28:10 [main] INFO  fiap.tds.Main - Sistema Iniciando... 
2025-02-25 11:32:28 [main] INFO  fiap.tds.Main - Sistema Iniciando... 
2025-02-25 11:44:59 [main] INFO  fiap.tds.Main - Sistema Iniciando... 
2025-02-25 11:47:02 [main] INFO  fiap.tds.Main - Sistema Iniciando... 
2025-02-25 11:48:55 [main] INFO  fiap.tds.Main - Sistema Iniciando... 
2025-02-25 11:49:22 [main] INFO  fiap.tds.Main - Sistema Iniciando... 
2025-02-26 08:27:32 [main] INFO  fiap.tds.Main - Sistema Iniciando... 
2025-02-26 08:31:12 [main] INFO  fiap.tds.Main - Sistema Iniciando... 
2025-02-26 08:31:18 [main] ERROR fiap.tds.Main - Erro ao exportar arquivo 
com.google.gson.JsonIOException: Failed making field 'java.time.LocalDateTime#date' accessible; either increase its visibility or write a custom TypeAdapter for its declaring type.
See https://github.com/google/gson/blob/main/Troubleshooting.md#reflection-inaccessible
	at com.google.gson.internal.reflect.ReflectionHelper.makeAccessible(ReflectionHelper.java:76) ~[gson-2.12.1.jar:?]
	at com.google.gson.internal.bind.ReflectiveTypeAdapterFactory.getBoundFields(ReflectiveTypeAdapterFactory.java:388) ~[gson-2.12.1.jar:?]
	at com.google.gson.internal.bind.ReflectiveTypeAdapterFactory.create(ReflectiveTypeAdapterFactory.java:161) ~[gson-2.12.1.jar:?]
	at com.google.gson.Gson.getAdapter(Gson.java:628) ~[gson-2.12.1.jar:?]
	at com.google.gson.internal.bind.ReflectiveTypeAdapterFactory.createBoundField(ReflectiveTypeAdapterFactory.java:201) ~[gson-2.12.1.jar:?]
	at com.google.gson.internal.bind.ReflectiveTypeAdapterFactory.getBoundFields(ReflectiveTypeAdapterFactory.java:395) ~[gson-2.12.1.jar:?]
	at com.google.gson.internal.bind.ReflectiveTypeAdapterFactory.create(ReflectiveTypeAdapterFactory.java:161) ~[gson-2.12.1.jar:?]
	at com.google.gson.Gson.getAdapter(Gson.java:628) ~[gson-2.12.1.jar:?]
	at com.google.gson.internal.bind.TypeAdapterRuntimeTypeWrapper.write(TypeAdapterRuntimeTypeWrapper.java:57) ~[gson-2.12.1.jar:?]
	at com.google.gson.internal.bind.CollectionTypeAdapterFactory$Adapter.write(CollectionTypeAdapterFactory.java:97) ~[gson-2.12.1.jar:?]
	at com.google.gson.internal.bind.CollectionTypeAdapterFactory$Adapter.write(CollectionTypeAdapterFactory.java:61) ~[gson-2.12.1.jar:?]
	at com.google.gson.Gson.toJson(Gson.java:944) ~[gson-2.12.1.jar:?]
	at com.google.gson.Gson.toJson(Gson.java:899) ~[gson-2.12.1.jar:?]
	at com.google.gson.Gson.toJson(Gson.java:848) ~[gson-2.12.1.jar:?]
	at com.google.gson.Gson.toJson(Gson.java:825) ~[gson-2.12.1.jar:?]
	at fiap.tds.repositories.ColecaoRepository.exportarParaJson(ColecaoRepository.java:140) [classes/:?]
	at fiap.tds.Main.main(Main.java:46) [classes/:?]
Caused by: java.lang.reflect.InaccessibleObjectException: Unable to make field private final java.time.LocalDate java.time.LocalDateTime.date accessible: module java.base does not "opens java.time" to unnamed module @73d4cc9e
	at java.lang.reflect.AccessibleObject.throwInaccessibleObjectException(AccessibleObject.java:388) ~[?:?]
	at java.lang.reflect.AccessibleObject.checkCanSetAccessible(AccessibleObject.java:364) ~[?:?]
	at java.lang.reflect.AccessibleObject.checkCanSetAccessible(AccessibleObject.java:312) ~[?:?]
	at java.lang.reflect.Field.checkCanSetAccessible(Field.java:183) ~[?:?]
	at java.lang.reflect.Field.setAccessible(Field.java:177) ~[?:?]
	at com.google.gson.internal.reflect.ReflectionHelper.makeAccessible(ReflectionHelper.java:68) ~[gson-2.12.1.jar:?]
	... 16 more
2025-02-26 08:33:40 [main] INFO  fiap.tds.Main - Sistema Iniciando... 
2025-02-26 09:05:52 [main] INFO  fiap.tds.Main - Sistema Iniciando... 
2025-03-11 08:52:36 [main] INFO  fiap.tds.Main - Sistema Iniciando... 
2025-03-11 08:52:36 [main] INFO  fiap.tds.Main - Testando banco de dados... 
2025-03-11 08:52:36 [main] FATAL fiap.tds.Main - Erro ao conectar ao banco de dados 
java.sql.SQLException: No suitable driver found for jdbc:oracle:thin:@oracle.fiap.com.br:1521:ORCL
	at java.sql.DriverManager.getConnection(DriverManager.java:707) ~[java.sql:?]
	at java.sql.DriverManager.getConnection(DriverManager.java:230) ~[java.sql:?]
	at fiap.tds.Infraestructure.DatabaseConfig.getConnection(DatabaseConfig.java:14) ~[classes/:?]
	at fiap.tds.Main.main(Main.java:20) [classes/:?]
2025-03-11 08:52:36 [main] INFO  fiap.tds.Main - Sistema finalizando... 
2025-03-11 08:55:59 [main] INFO  fiap.tds.Main - Sistema Iniciando... 
2025-03-11 08:55:59 [main] INFO  fiap.tds.Main - Testando banco de dados... 
2025-03-11 08:55:59 [main] FATAL fiap.tds.Main - Erro ao conectar ao banco de dados 
java.sql.SQLException: No suitable driver found for jdbc:oracle:thin:@oracle.fiap.com.br:1521:ORCL
	at java.sql.DriverManager.getConnection(DriverManager.java:707) ~[java.sql:?]
	at java.sql.DriverManager.getConnection(DriverManager.java:230) ~[java.sql:?]
	at fiap.tds.Infraestructure.DatabaseConfig.getConnection(DatabaseConfig.java:14) ~[classes/:?]
	at fiap.tds.Main.main(Main.java:20) [classes/:?]
2025-03-11 08:55:59 [main] INFO  fiap.tds.Main - Sistema finalizando... 
2025-03-11 08:56:44 [main] INFO  fiap.tds.Main - Sistema Iniciando... 
2025-03-11 08:56:44 [main] INFO  fiap.tds.Main - Testando banco de dados... 
2025-03-11 08:56:44 [main] FATAL fiap.tds.Main - Erro ao conectar ao banco de dados 
java.sql.SQLException: No suitable driver found for jdbc:oracle:thin:@oracle.fiap.com.br:1521:ORCL
	at java.sql.DriverManager.getConnection(DriverManager.java:707) ~[java.sql:?]
	at java.sql.DriverManager.getConnection(DriverManager.java:230) ~[java.sql:?]
	at fiap.tds.Infraestructure.DatabaseConfig.getConnection(DatabaseConfig.java:14) ~[classes/:?]
	at fiap.tds.Main.main(Main.java:20) [classes/:?]
2025-03-11 08:56:44 [main] INFO  fiap.tds.Main - Sistema finalizando... 
2025-03-11 08:56:59 [main] INFO  fiap.tds.Main - Sistema Iniciando... 
2025-03-11 08:56:59 [main] INFO  fiap.tds.Main - Testando banco de dados... 
2025-03-11 08:56:59 [main] FATAL fiap.tds.Main - Erro ao conectar ao banco de dados 
java.sql.SQLException: No suitable driver found for jdbc:oracle:thin:@oracle.fiap.com.br:1521:ORCL
	at java.sql.DriverManager.getConnection(DriverManager.java:707) ~[java.sql:?]
	at java.sql.DriverManager.getConnection(DriverManager.java:230) ~[java.sql:?]
	at fiap.tds.Infraestructure.DatabaseConfig.getConnection(DatabaseConfig.java:14) ~[classes/:?]
	at fiap.tds.Main.main(Main.java:20) [classes/:?]
2025-03-11 08:56:59 [main] INFO  fiap.tds.Main - Sistema finalizando... 
2025-03-11 08:57:42 [main] INFO  fiap.tds.Main - Sistema Iniciando... 
2025-03-11 08:57:42 [main] INFO  fiap.tds.Main - Testando banco de dados... 
2025-03-11 08:57:42 [main] FATAL fiap.tds.Main - Erro ao conectar ao banco de dados 
java.sql.SQLException: No suitable driver found for jdbc:oracle:thin:@oracle.fiap.com.br:1521:ORCL
	at java.sql.DriverManager.getConnection(DriverManager.java:707) ~[java.sql:?]
	at java.sql.DriverManager.getConnection(DriverManager.java:230) ~[java.sql:?]
	at fiap.tds.Infraestructure.DatabaseConfig.getConnection(DatabaseConfig.java:14) ~[classes/:?]
	at fiap.tds.Main.main(Main.java:20) [classes/:?]
2025-03-11 08:57:42 [main] INFO  fiap.tds.Main - Sistema finalizando... 
2025-03-11 08:58:21 [main] INFO  fiap.tds.Main - Sistema Iniciando... 
2025-03-11 08:58:21 [main] INFO  fiap.tds.Main - Testando banco de dados... 
2025-03-11 08:58:21 [main] FATAL fiap.tds.Main - Erro ao conectar ao banco de dados 
java.sql.SQLException: No suitable driver found for jdbc:oracle:thin:@oracle.fiap.com.br:1521:ORCL
	at java.sql.DriverManager.getConnection(DriverManager.java:707) ~[java.sql:?]
	at java.sql.DriverManager.getConnection(DriverManager.java:230) ~[java.sql:?]
	at fiap.tds.Infraestructure.DatabaseConfig.getConnection(DatabaseConfig.java:13) ~[classes/:?]
	at fiap.tds.Main.main(Main.java:20) [classes/:?]
2025-03-11 08:58:21 [main] INFO  fiap.tds.Main - Sistema finalizando... 
2025-03-11 08:59:52 [main] INFO  fiap.tds.Main - Sistema Iniciando... 
2025-03-11 08:59:52 [main] INFO  fiap.tds.Main - Testando banco de dados... 
2025-03-11 08:59:52 [main] FATAL fiap.tds.Main - Erro ao conectar ao banco de dados 
java.sql.SQLException: No suitable driver found for jdbc:oracle:thin:@oracle.fiap.com.br:1521:ORCL
	at java.sql.DriverManager.getConnection(DriverManager.java:707) ~[java.sql:?]
	at java.sql.DriverManager.getConnection(DriverManager.java:230) ~[java.sql:?]
	at fiap.tds.Infraestructure.DatabaseConfig.getConnection(DatabaseConfig.java:13) ~[classes/:?]
	at fiap.tds.Main.main(Main.java:20) [classes/:?]
2025-03-11 08:59:52 [main] INFO  fiap.tds.Main - Sistema finalizando... 
2025-03-11 09:02:03 [main] INFO  fiap.tds.Main - Sistema Iniciando... 
2025-03-11 09:02:03 [main] INFO  fiap.tds.Main - Testando banco de dados... 
2025-03-11 09:02:03 [main] FATAL fiap.tds.Main - Erro ao conectar ao banco de dados 
java.sql.SQLException: No suitable driver found for jdbc:oracle:thin:@oracle.fiap.com.br:1521:ORCL
	at java.sql.DriverManager.getConnection(DriverManager.java:707) ~[java.sql:?]
	at java.sql.DriverManager.getConnection(DriverManager.java:230) ~[java.sql:?]
	at fiap.tds.Infraestructure.DatabaseConfig.getConnection(DatabaseConfig.java:13) ~[classes/:?]
	at fiap.tds.Main.main(Main.java:20) [classes/:?]
2025-03-11 09:02:03 [main] INFO  fiap.tds.Main - Sistema finalizando... 
2025-03-11 09:04:50 [main] INFO  fiap.tds.Main - Sistema Iniciando... 
2025-03-11 09:04:50 [main] INFO  fiap.tds.Main - Testando banco de dados... 
2025-03-11 09:04:50 [main] FATAL fiap.tds.Main - Erro ao conectar ao banco de dados  
java.sql.SQLException: No suitable driver found for jdbc:oracle:thin:@oracle.fiap.com.br:1521:ORCL
	at java.sql.DriverManager.getConnection(DriverManager.java:707) ~[java.sql:?]
	at java.sql.DriverManager.getConnection(DriverManager.java:230) ~[java.sql:?]
	at fiap.tds.Infraestructure.DatabaseConfig.getConnection(DatabaseConfig.java:13) ~[classes/:?]
	at fiap.tds.Main.main(Main.java:21) [classes/:?]
2025-03-11 09:04:50 [main] INFO  fiap.tds.Main - Sistema finalizando... 
2025-03-11 09:16:14 [main] INFO  fiap.tds.Main - Sistema Iniciando... 
2025-03-11 09:16:14 [main] INFO  fiap.tds.Main - Testando banco de dados... 
2025-03-11 09:16:14 [main] INFO  fiap.tds.Main - Conexão com o banco de dados foi estabelecida 
2025-03-11 09:18:10 [main] INFO  fiap.tds.Main - Sistema Iniciando... 
2025-03-11 09:18:10 [main] INFO  fiap.tds.Main - Testando banco de dados... 
2025-03-11 09:18:11 [main] INFO  fiap.tds.Main - Conexão com o banco de dados foi estabelecida 
