2025-02-19 08:26:52 [main] INFO  fiap.tds.Main - Sistema Iniciando... 
2025-02-19 08:27:25 [main] INFO  fiap.tds.Main - Sistema finalizando... 
2025-02-19 08:27:48 [main] INFO  fiap.tds.Main - Sistema Iniciando... 
2025-02-19 08:27:52 [main] INFO  fiap.tds.Main - Sistema finalizando... 
2025-02-19 08:35:15 [main] INFO  fiap.tds.Main - Sistema Iniciando... 
2025-02-19 08:38:32 [main] INFO  fiap.tds.Main - Sistema Iniciando... 
2025-02-19 08:38:48 [main] ERROR fiap.tds.Main - Erro ao cadastrar coleção 
java.util.InputMismatchException: null
	at java.util.Scanner.throwFor(Scanner.java:964) ~[?:?]
	at java.util.Scanner.next(Scanner.java:1619) ~[?:?]
	at java.util.Scanner.nextInt(Scanner.java:2284) ~[?:?]
	at java.util.Scanner.nextInt(Scanner.java:2238) ~[?:?]
	at fiap.tds.Main.CadastrarColecao(Main.java:57) [classes/:?]
	at fiap.tds.Main.main(Main.java:32) [classes/:?]
2025-02-19 08:53:17 [main] INFO  fiap.tds.Main - Sistema Iniciando... 
2025-02-19 08:54:07 [main] INFO  fiap.tds.Main - Colecão registrada com sucesso Colecao(nome=Aetherdrift, codigo=ATD, dataLancamento=2025-02-19) 
2025-02-19 08:57:58 [main] INFO  fiap.tds.Main - Sistema Iniciando... 
2025-02-19 08:58:37 [main] INFO  fiap.tds.Main - Sistema Iniciando... 
2025-02-19 08:58:44 [main] ERROR fiap.tds.Main - Erro ao cadastrar coleção 
java.util.InputMismatchException: null
	at java.util.Scanner.throwFor(Scanner.java:964) ~[?:?]
	at java.util.Scanner.next(Scanner.java:1619) ~[?:?]
	at java.util.Scanner.nextInt(Scanner.java:2284) ~[?:?]
	at java.util.Scanner.nextInt(Scanner.java:2238) ~[?:?]
	at fiap.tds.Main.CadastrarColecao(Main.java:57) [classes/:?]
	at fiap.tds.Main.main(Main.java:32) [classes/:?]
2025-02-19 09:18:46 [main] INFO  fiap.tds.Main - Sistema Iniciando... 
2025-02-19 09:25:11 [main] INFO  fiap.tds.Main - Sistema Iniciando... 
2025-02-19 09:28:38 [main] INFO  fiap.tds.Main - Sistema Iniciando... 
2025-02-19 09:29:36 [main] INFO  fiap.tds.Main - Sistema Iniciando... 
2025-02-19 09:31:09 [main] INFO  fiap.tds.Main - Sistema Iniciando... 
2025-02-19 09:32:27 [main] INFO  fiap.tds.Main - Sistema Iniciando... 
2025-02-19 09:33:26 [main] INFO  fiap.tds.Main - Sistema Iniciando... 
2025-02-19 09:37:56 [main] INFO  fiap.tds.Main - Sistema Iniciando... 
2025-02-25 11:07:34 [main] INFO  fiap.tds.Main - Sistema Iniciando... 
2025-02-25 11:08:21 [main] INFO  fiap.tds.Main - Sistema Iniciando... 
2025-02-25 11:09:35 [main] INFO  fiap.tds.Main - Sistema Iniciando... 
2025-02-25 11:11:17 [main] INFO  fiap.tds.Main - Sistema Iniciando... 
2025-02-25 11:12:51 [main] INFO  fiap.tds.Main - Sistema Iniciando... 
2025-02-25 11:24:23 [main] INFO  fiap.tds.Main - Sistema Iniciando... 
2025-02-25 11:28:10 [main] INFO  fiap.tds.Main - Sistema Iniciando... 
2025-02-25 11:32:28 [main] INFO  fiap.tds.Main - Sistema Iniciando... 
2025-02-25 11:44:59 [main] INFO  fiap.tds.Main - Sistema Iniciando... 
2025-02-25 11:47:02 [main] INFO  fiap.tds.Main - Sistema Iniciando... 
2025-02-25 11:48:55 [main] INFO  fiap.tds.Main - Sistema Iniciando... 
2025-02-25 11:49:22 [main] INFO  fiap.tds.Main - Sistema Iniciando... 
